Java程序设计与训练/大作业：新闻APP/翁家翌_大作业/代码/News/library/build/outputs/logs/manifest-merger-debug-report.txt
-- Merging decision tree log ---
manifest
ADDED from News/library/AndroidManifest.xml:2:1-11:12
INJECTED from News/library/AndroidManifest.xml:2:1-11:12
INJECTED from News/library/AndroidManifest.xml:2:1-11:12
INJECTED from News/library/AndroidManifest.xml:2:1-11:12
INJECTED from News/library/AndroidManifest.xml:2:1-11:12
INJECTED from News/library/AndroidManifest.xml:2:1-11:12
INJECTED from News/library/AndroidManifest.xml:2:1-11:12
	package
		ADDED from News/library/AndroidManifest.xml:3:5-49
		INJECTED from News/library/AndroidManifest.xml
		INJECTED from News/library/AndroidManifest.xml
	android:versionName
		ADDED from News/library/AndroidManifest.xml:5:5-32
		INJECTED from News/library/AndroidManifest.xml
		INJECTED from News/library/AndroidManifest.xml
	xmlns:android
		ADDED from News/library/AndroidManifest.xml:2:11-69
	android:versionCode
		ADDED from News/library/AndroidManifest.xml:4:5-31
		INJECTED from News/library/AndroidManifest.xml
		INJECTED from News/library/AndroidManifest.xml
uses-sdk
ADDED from News/library/AndroidManifest.xml:7:5-43
	android:minSdkVersion
		ADDED from News/library/AndroidManifest.xml:7:15-40
application
ADDED from News/library/AndroidManifest.xml:9:5-20